0 info it worked if it ends with ok
1 verbose cli [ '/home/sander/sandeb/demo/demo/target/node/node',
1 verbose cli   '/home/sander/sandeb/demo/demo/target/node/node_modules/npm/bin/npm-cli.js',
1 verbose cli   'run',
1 verbose cli   'build' ]
2 info using npm@3.9.2
3 info using node@v4.4.5
4 verbose stack Error: missing script: build
4 verbose stack     at run (/home/sander/sandeb/demo/demo/target/node/node_modules/npm/lib/run-script.js:150:19)
4 verbose stack     at /home/sander/sandeb/demo/demo/target/node/node_modules/npm/lib/run-script.js:60:5
4 verbose stack     at /home/sander/sandeb/demo/demo/target/node/node_modules/npm/node_modules/read-package-json/read-json.js:356:5
4 verbose stack     at checkBinReferences_ (/home/sander/sandeb/demo/demo/target/node/node_modules/npm/node_modules/read-package-json/read-json.js:320:45)
4 verbose stack     at final (/home/sander/sandeb/demo/demo/target/node/node_modules/npm/node_modules/read-package-json/read-json.js:354:3)
4 verbose stack     at then (/home/sander/sandeb/demo/demo/target/node/node_modules/npm/node_modules/read-package-json/read-json.js:124:5)
4 verbose stack     at /home/sander/sandeb/demo/demo/target/node/node_modules/npm/node_modules/read-package-json/read-json.js:311:12
4 verbose stack     at /home/sander/sandeb/demo/demo/target/node/node_modules/npm/node_modules/graceful-fs/graceful-fs.js:78:16
4 verbose stack     at FSReqWrap.readFileAfterClose [as oncomplete] (fs.js:380:3)
5 verbose cwd /home/sander/sandeb/demo/demo
6 error Linux 4.9.0-0.bpo.2-amd64
7 error argv "/home/sander/sandeb/demo/demo/target/node/node" "/home/sander/sandeb/demo/demo/target/node/node_modules/npm/bin/npm-cli.js" "run" "build"
8 error node v4.4.5
9 error npm  v3.9.2
10 error missing script: build
11 error If you need help, you may report this error at:
11 error     <https://github.com/npm/npm/issues>
12 verbose exit [ 1, true ]
